<?xml version="1.0" encoding="UTF-8"?>
<!-- Generated by org.testng.reporters.JUnitReportReporter -->
<testsuite hostname="CeridianEAlVblF" failures="0" tests="1" name="Pages.MainPage" time="31.076" errors="0" timestamp="2025-04-02T16:01:36 IST" skipped="0">
  <testcase classname="Pages.MainPage" name="testLoginAndNavigate" time="31.076"/>
</testsuite> <!-- Pages.MainPage -->
